<?xml version="1.0" encoding="UTF-8"?>
<!-- Generated by org.testng.reporters.JUnitReportReporter -->
<testsuite skipped="0" hostname="DESKTOP-NLASPR4" name="testcases.CartTest" tests="1" failures="0" timestamp="2022-07-02T07:04:26 SGT" time="11.856" errors="0">
  <testcase name="verifyEmptyCart" time="11.856" classname="testcases.CartTest"/>
  <system-out/>
</testsuite> <!-- testcases.CartTest -->
